<?xml version="1.0" encoding="UTF-8"?>
<!DOCTYPE properties SYSTEM "http://java.sun.com/dtd/properties.dtd">
<properties version="1.0">
    <comment>Sample test run arguments</comment>
    <entry key="gml">${basedir}/src/test/resources/aixm/AirportHeliport.xml</entry>
    <entry key="sch"/>
</properties>
